TN:
SF:src/errors/auth.ts
FN:2,(anonymous_0)
FN:9,(anonymous_1)
FN:18,(anonymous_2)
FN:25,(anonymous_3)
FNF:4
FNH:4
FNDA:8,(anonymous_0)
FNDA:7,(anonymous_1)
FNDA:7,(anonymous_2)
FNDA:6,(anonymous_3)
DA:1,14
DA:3,8
DA:4,8
DA:8,14
DA:12,7
DA:13,7
DA:17,14
DA:19,7
DA:20,7
DA:24,14
DA:26,6
DA:27,6
LF:12
LH:12
BRDA:2,0,0,7
BRDA:10,1,0,6
BRDA:18,2,0,6
BRDA:25,3,0,5
BRF:4
BRH:4
end_of_record
TN:
SF:src/lib/prisma.ts
FNF:0
FNH:0
DA:1,0
DA:2,0
DA:3,0
DA:5,0
DA:15,0
DA:17,0
LF:6
LH:0
BRF:0
BRH:0
end_of_record
TN:
SF:src/lib/redis.ts
FNF:0
FNH:0
DA:1,0
DA:3,0
DA:8,0
LF:3
LH:0
BRF:0
BRH:0
end_of_record
TN:
SF:src/routes/courseTopics.ts
FN:6,(anonymous_0)
FNF:1
FNH:1
FNDA:6,(anonymous_0)
DA:1,10
DA:2,10
DA:4,10
DA:6,10
DA:7,6
DA:9,6
DA:10,6
DA:11,3
DA:13,3
DA:14,3
DA:18,10
LF:11
LH:11
BRF:0
BRH:0
end_of_record
TN:
SF:src/routes/courseTopicsStorage.ts
FN:8,(anonymous_1)
FN:28,(anonymous_2)
FN:64,(anonymous_3)
FNF:3
FNH:3
FNDA:8,(anonymous_1)
FNDA:16,(anonymous_2)
FNDA:6,(anonymous_3)
DA:1,10
DA:2,10
DA:3,10
DA:5,10
DA:8,10
DA:9,8
DA:10,8
DA:12,8
DA:13,1
DA:16,7
DA:20,6
DA:22,6
DA:23,2
DA:27,4
DA:30,16
DA:31,16
DA:33,16
DA:54,4
DA:56,3
DA:58,2
DA:59,2
DA:64,10
DA:65,6
DA:66,6
DA:68,6
DA:69,2
DA:72,4
DA:76,4
DA:84,3
DA:86,3
DA:87,6
DA:88,3
DA:90,6
DA:93,3
DA:95,1
DA:96,1
DA:100,10
LF:37
LH:37
BRDA:12,0,0,1
BRDA:12,0,1,7
BRDA:22,1,0,2
BRDA:22,1,1,4
BRDA:22,2,0,6
BRDA:22,2,1,5
BRDA:31,3,0,16
BRDA:31,3,1,0
BRDA:68,4,0,2
BRDA:68,4,1,4
BRDA:87,5,0,3
BRDA:87,5,1,3
BRF:12
BRH:11
end_of_record
TN:
SF:src/routes/finishSessionRoute.ts
FN:6,(anonymous_1)
FNF:1
FNH:1
FNDA:7,(anonymous_1)
DA:1,10
DA:2,10
DA:4,10
DA:6,10
DA:7,7
DA:8,7
DA:10,7
DA:11,2
DA:16,5
DA:20,4
DA:21,1
DA:24,3
DA:25,3
DA:29,3
DA:37,2
DA:39,2
DA:40,2
DA:44,10
LF:18
LH:18
BRDA:10,0,0,2
BRDA:10,0,1,5
BRDA:20,1,0,1
BRDA:20,1,1,3
BRF:4
BRH:4
end_of_record
TN:
SF:src/routes/index.ts
FN:29,(anonymous_1)
FNF:1
FNH:1
FNDA:90,(anonymous_1)
DA:2,10
DA:3,10
DA:4,10
DA:5,10
DA:6,10
DA:7,10
DA:8,10
DA:9,10
DA:10,10
DA:11,10
DA:13,10
DA:16,10
DA:29,10
DA:30,90
DA:33,10
LF:15
LH:15
BRF:0
BRH:0
end_of_record
TN:
SF:src/routes/newCourses.ts
FN:6,(anonymous_1)
FNF:1
FNH:1
FNDA:8,(anonymous_1)
DA:1,10
DA:2,10
DA:4,10
DA:6,10
DA:7,8
DA:9,8
DA:10,2
DA:13,6
DA:14,6
DA:19,4
DA:21,2
DA:22,2
DA:26,10
LF:13
LH:13
BRDA:9,0,0,2
BRDA:9,0,1,6
BRF:2
BRH:2
end_of_record
TN:
SF:src/routes/signinRoute.ts
FN:9,(anonymous_1)
FNF:1
FNH:1
FNDA:10,(anonymous_1)
DA:1,10
DA:2,10
DA:3,10
DA:4,10
DA:5,10
DA:7,10
DA:9,10
DA:10,10
DA:11,10
DA:13,10
DA:15,10
DA:16,10
DA:17,3
DA:22,7
DA:25,3
DA:30,3
DA:33,3
DA:34,3
DA:44,3
DA:46,3
DA:50,4
DA:51,4
DA:52,4
DA:55,4
DA:59,3
DA:63,1
DA:70,10
LF:27
LH:27
BRDA:16,0,0,3
BRDA:16,0,1,7
BRDA:26,1,0,1
BRDA:26,1,1,2
BRDA:30,2,0,1
BRDA:30,2,1,2
BRDA:37,3,0,0
BRDA:37,3,1,3
BRDA:40,4,0,3
BRDA:40,4,1,0
BRDA:51,5,0,4
BRDA:51,5,1,0
BRDA:55,6,0,3
BRDA:55,6,1,1
BRDA:56,7,0,4
BRDA:56,7,1,2
BRF:16
BRH:13
end_of_record
TN:
SF:src/routes/signupUserRoute.ts
FN:10,(anonymous_1)
FNF:1
FNH:1
FNDA:11,(anonymous_1)
DA:1,10
DA:2,10
DA:4,10
DA:5,10
DA:6,10
DA:8,10
DA:10,10
DA:11,11
DA:13,11
DA:14,2
DA:18,9
DA:19,6
DA:24,3
DA:25,3
DA:28,1
DA:33,1
DA:34,1
DA:43,1
DA:47,2
DA:51,1
DA:56,1
DA:60,10
LF:22
LH:22
BRDA:13,0,0,2
BRDA:13,0,1,9
BRDA:18,1,0,6
BRDA:18,1,1,3
BRDA:37,2,0,0
BRDA:37,2,1,1
BRDA:40,3,0,1
BRDA:40,3,1,0
BRDA:47,4,0,1
BRDA:47,4,1,1
BRDA:48,5,0,2
BRDA:48,5,1,2
BRF:12
BRH:10
end_of_record
TN:
SF:src/routes/startSessionRoute.ts
FN:7,(anonymous_1)
FNF:1
FNH:1
FNDA:8,(anonymous_1)
DA:1,10
DA:2,10
DA:3,10
DA:5,10
DA:7,10
DA:8,8
DA:9,8
DA:10,8
DA:12,8
DA:13,1
DA:16,7
DA:17,2
DA:22,5
DA:26,4
DA:29,3
DA:30,1
DA:38,3
DA:47,3
DA:49,2
DA:50,2
DA:54,10
LF:21
LH:21
BRDA:12,0,0,1
BRDA:12,0,1,7
BRDA:16,1,0,2
BRDA:16,1,1,5
BRDA:29,2,0,1
BRDA:29,2,1,2
BRF:6
BRH:6
end_of_record
TN:
SF:src/routes/userInfo.ts
FN:8,calculateStreak
FN:14,(anonymous_2)
FN:16,(anonymous_3)
FN:45,getWeeklyActivity
FN:72,(anonymous_5)
FN:155,(anonymous_6)
FNF:6
FNH:6
FNDA:7,calculateStreak
FNDA:11,(anonymous_2)
FNDA:3,(anonymous_3)
FNDA:7,getWeeklyActivity
FNDA:11,(anonymous_5)
FNDA:11,(anonymous_6)
DA:1,10
DA:2,10
DA:3,10
DA:5,10
DA:9,7
DA:12,5
DA:14,11
DA:16,3
DA:18,5
DA:19,5
DA:22,5
DA:23,2
DA:26,3
DA:27,3
DA:28,2
DA:29,2
DA:30,2
DA:34,2
DA:35,2
DA:37,0
DA:41,3
DA:48,7
DA:49,7
DA:52,7
DA:53,49
DA:54,49
DA:55,49
DA:56,49
DA:60,7
DA:61,11
DA:62,11
DA:63,11
DA:64,9
DA:69,7
DA:72,10
DA:73,11
DA:76,11
DA:77,11
DA:79,11
DA:80,1
DA:83,10
DA:85,10
DA:90,10
DA:91,1
DA:95,9
DA:107,8
DA:108,1
DA:112,7
DA:127,7
DA:128,7
DA:129,7
DA:130,7
DA:132,7
DA:133,11
DA:135,11
DA:136,8
DA:138,11
DA:141,11
DA:142,11
DA:143,11
DA:149,7
DA:150,7
DA:151,7
DA:154,7
DA:159,11
DA:160,6
DA:166,5
DA:171,7
DA:184,1
DA:185,1
DA:189,10
LF:71
LH:70
BRDA:9,0,0,2
BRDA:9,0,1,5
BRDA:22,1,0,2
BRDA:22,1,1,3
BRDA:22,2,0,5
BRDA:22,2,1,2
BRDA:34,3,0,2
BRDA:34,3,1,0
BRDA:61,4,0,11
BRDA:61,4,1,0
BRDA:63,5,0,9
BRDA:63,5,1,2
BRDA:79,6,0,1
BRDA:79,6,1,10
BRDA:90,7,0,1
BRDA:90,7,1,9
BRDA:107,8,0,1
BRDA:107,8,1,7
BRDA:133,9,0,11
BRDA:133,9,1,0
BRDA:135,10,0,8
BRDA:135,10,1,3
BRDA:149,11,0,5
BRDA:149,11,1,2
BRDA:159,12,0,6
BRDA:159,12,1,5
BRDA:159,13,0,11
BRDA:159,13,1,11
BRDA:159,14,0,11
BRDA:159,14,1,5
BRF:30
BRH:27
end_of_record
TN:
SF:src/routes/waitlistRoutes.ts
FN:8,(anonymous_1)
FNF:1
FNH:1
FNDA:9,(anonymous_1)
DA:1,10
DA:2,10
DA:3,10
DA:4,10
DA:6,10
DA:8,10
DA:9,9
DA:11,9
DA:12,2
DA:15,7
DA:16,7
DA:17,5
DA:19,2
DA:20,1
DA:24,1
DA:29,10
LF:16
LH:16
BRDA:11,0,0,2
BRDA:11,0,1,7
BRDA:19,1,0,1
BRDA:19,1,1,1
BRF:4
BRH:4
end_of_record
TN:
SF:src/utils/pplxApiCalls.ts
FN:1,getCourseTopics
FNF:1
FNH:1
FNDA:22,getCourseTopics
DA:1,11
DA:4,22
DA:17,22
DA:18,22
DA:27,20
DA:28,4
DA:31,16
DA:32,15
DA:34,14
DA:35,14
DA:36,41
DA:37,41
DA:38,41
DA:39,38
DA:40,38
DA:44,14
DA:46,8
DA:47,8
LF:18
LH:18
BRDA:27,0,0,4
BRDA:27,0,1,16
BRDA:38,1,0,38
BRDA:38,1,1,3
BRF:4
BRH:4
end_of_record
TN:
SF:src/utils/signupUserStorage.ts
FN:7,saveNewUserAccount
FNF:1
FNH:1
FNDA:13,saveNewUserAccount
DA:1,11
DA:2,11
DA:4,11
DA:5,11
DA:7,11
DA:10,13
DA:15,11
DA:16,3
DA:19,8
DA:20,8
DA:22,8
DA:32,7
LF:12
LH:12
BRDA:15,0,0,3
BRDA:15,0,1,8
BRF:2
BRH:2
end_of_record
TN:
SF:src/utils/validation.ts
FN:5,validatePassword
FN:25,authenticateUser
FNF:2
FNH:2
FNDA:58,validatePassword
FNDA:13,authenticateUser
DA:1,11
DA:2,11
DA:3,11
DA:5,11
DA:7,58
DA:10,54
DA:19,48
DA:20,48
DA:22,39
DA:25,11
DA:35,13
DA:47,12
DA:48,4
DA:51,8
DA:52,8
DA:53,3
DA:56,5
LF:17
LH:17
BRDA:7,0,0,4
BRDA:7,0,1,54
BRDA:10,1,0,6
BRDA:10,1,1,48
BRDA:20,2,0,9
BRDA:20,2,1,39
BRDA:47,3,0,4
BRDA:47,3,1,8
BRDA:52,4,0,3
BRDA:52,4,1,5
BRDA:61,5,0,5
BRDA:61,5,1,1
BRF:12
BRH:12
end_of_record
TN:
SF:src/utils/waitlistStorage.ts
FN:8,saveEmailToWaitlist
FNF:1
FNH:1
FNDA:15,saveEmailToWaitlist
DA:1,11
DA:2,11
DA:3,11
DA:4,11
DA:6,11
DA:8,11
DA:10,15
DA:14,13
DA:15,3
DA:18,10
DA:22,9
DA:65,9
DA:80,9
DA:81,9
DA:89,0
LF:15
LH:14
BRDA:14,0,0,3
BRDA:14,0,1,10
BRF:2
BRH:2
end_of_record
